<?xml version="1.0" encoding="UTF-8"?>
<!-- Generated by org.testng.reporters.JUnitXMLReporter -->
<testsuite hostname="JaiBajrang" ignored="0" name="Test" tests="2" failures="0" timestamp="17 Dec 2020 17:30:27 GMT" time="56.355" errors="0">
  <testcase name="select_product_from_list" time="30.21" classname="My_First_Project.firstAmazonCases.Test_SearchItem"/>
  <testcase name="login_to_application" time="26.052" classname="My_First_Project.firstAmazonCases.Test_SearchItem"/>
</testsuite> <!-- Test -->
