<?xml version="1.0" encoding="UTF-8"?>
<!-- Generated by org.testng.reporters.JUnitXMLReporter -->
<testsuite hostname="JaiBajrang" ignored="0" name="Regression" tests="3" failures="0" timestamp="18 Dec 2020 17:40:22 GMT" time="52.449" errors="0">
  <testcase name="login_to_application" time="20.054" classname="My_First_Project.firstAmazonCases.Test_SearchItem"/>
  <testcase name="select_product_from_list" time="31.979" classname="My_First_Project.firstAmazonCases.Test_SearchItem"/>
  <testcase name="Select_Signout_from_list" time="0.315" classname="My_First_Project.firstAmazonCases.Test_SearchItem"/>
</testsuite> <!-- Regression -->
