<?xml version="1.0" encoding="UTF-8"?>
<!-- Generated by org.testng.reporters.JUnitXMLReporter -->
<testsuite hostname="JaiBajrang" ignored="0" name="Sanity" tests="1" failures="1" timestamp="22 Dec 2020 18:06:42 GMT" time="0.104" errors="0">
  <testcase name="scenarioWithMultipleDataSets" time="0.0" classname="My_First_Project.firstAmazonCases.Test_Practice">
    <failure type="org.testng.TestNGException" message="
Cannot inject @Test annotated Method [scenarioWithMultipleDataSets] with [class java.lang.String, class java.lang.String].
For more information on native dependency injection please refer to http://testng.org/doc/documentation-main.html#native-dependency-injection">
      <![CDATA[org.testng.TestNGException: 
Cannot inject @Test annotated Method [scenarioWithMultipleDataSets] with [class java.lang.String, class java.lang.String].
For more information on native dependency injection please refer to http://testng.org/doc/documentation-main.html#native-dependency-injection
... Removed 24 stack frames]]>
    </failure>
  </testcase> <!-- scenarioWithMultipleDataSets -->
</testsuite> <!-- Sanity -->
