<?xml version="1.0" encoding="UTF-8"?>
<!-- Generated by org.testng.reporters.JUnitXMLReporter -->
<testsuite hostname="JaiBajrang" ignored="0" name="Sanity1" tests="1" failures="1" timestamp="18 Dec 2020 17:40:56 GMT" time="16.116" errors="0">
  <testcase name="Select_Amazon_ukoption" time="16.011" classname="My_First_Project.firstAmazonCases.Test_Amazon_uk">
    <failure type="java.lang.NullPointerException">
      <![CDATA[java.lang.NullPointerException
at pagesForAmazon.All_Search_Item.Click_All_Item(All_Search_Item.java:31)
at My_First_Project.firstAmazonCases.Test_Amazon_uk.Select_Amazon_ukoption(Test_Amazon_uk.java:15)
... Removed 25 stack frames]]>
    </failure>
  </testcase> <!-- Select_Amazon_ukoption -->
</testsuite> <!-- Sanity1 -->
